1499263827.787737 client started (46571): version 2.5, socket /private/tmp/tmux-501/default, protocol 8
1499263827.787805 on Darwin 16.6.0 Darwin Kernel Version 16.6.0: Fri Apr 14 16:21:16 PDT 2017; root:xnu-3789.60.24~6/RELEASE_X86_64; libevent 2.1.8-stable (select)
1499263827.787869 socket is /private/tmp/tmux-501/default
1499263827.787892 trying connect
1499263827.788011 add peer 0x7fd7d581c800: 6 (0x0)
1499263827.789255 sending message 100 to peer 0x7fd7d581c800 (4 bytes)
1499263827.789274 sending message 101 to peer 0x7fd7d581c800 (15 bytes)
1499263827.789280 sending message 102 to peer 0x7fd7d581c800 (13 bytes)
1499263827.789284 sending message 108 to peer 0x7fd7d581c800 (25 bytes)
1499263827.789298 sending message 104 to peer 0x7fd7d581c800 (0 bytes)
1499263827.789302 sending message 107 to peer 0x7fd7d581c800 (4 bytes)
1499263827.789307 sending message 105 to peer 0x7fd7d581c800 (60 bytes)
1499263827.789312 sending message 105 to peer 0x7fd7d581c800 (66 bytes)
1499263827.789316 sending message 105 to peer 0x7fd7d581c800 (76 bytes)
1499263827.789321 sending message 105 to peer 0x7fd7d581c800 (15 bytes)
1499263827.789326 sending message 105 to peer 0x7fd7d581c800 (22 bytes)
1499263827.789330 sending message 105 to peer 0x7fd7d581c800 (14 bytes)
1499263827.789335 sending message 105 to peer 0x7fd7d581c800 (29 bytes)
1499263827.789339 sending message 105 to peer 0x7fd7d581c800 (25 bytes)
1499263827.789344 sending message 105 to peer 0x7fd7d581c800 (28 bytes)
1499263827.789349 sending message 105 to peer 0x7fd7d581c800 (23 bytes)
1499263827.789354 sending message 105 to peer 0x7fd7d581c800 (465 bytes)
1499263827.789359 sending message 105 to peer 0x7fd7d581c800 (75 bytes)
1499263827.789364 sending message 105 to peer 0x7fd7d581c800 (20 bytes)
1499263827.789368 sending message 105 to peer 0x7fd7d581c800 (21 bytes)
1499263827.789373 sending message 105 to peer 0x7fd7d581c800 (57 bytes)
1499263827.789377 sending message 105 to peer 0x7fd7d581c800 (14 bytes)
1499263827.789382 sending message 105 to peer 0x7fd7d581c800 (19 bytes)
1499263827.789387 sending message 105 to peer 0x7fd7d581c800 (17 bytes)
1499263827.789391 sending message 105 to peer 0x7fd7d581c800 (61 bytes)
1499263827.789396 sending message 105 to peer 0x7fd7d581c800 (38 bytes)
1499263827.789400 sending message 105 to peer 0x7fd7d581c800 (8 bytes)
1499263827.789405 sending message 105 to peer 0x7fd7d581c800 (23 bytes)
1499263827.789410 sending message 105 to peer 0x7fd7d581c800 (34 bytes)
1499263827.789414 sending message 105 to peer 0x7fd7d581c800 (16 bytes)
1499263827.789419 sending message 105 to peer 0x7fd7d581c800 (42 bytes)
1499263827.789423 sending message 105 to peer 0x7fd7d581c800 (20 bytes)
1499263827.789428 sending message 105 to peer 0x7fd7d581c800 (16 bytes)
1499263827.789433 sending message 105 to peer 0x7fd7d581c800 (13 bytes)
1499263827.789437 sending message 105 to peer 0x7fd7d581c800 (11 bytes)
1499263827.789442 sending message 105 to peer 0x7fd7d581c800 (17 bytes)
1499263827.789446 sending message 105 to peer 0x7fd7d581c800 (22 bytes)
1499263827.789451 sending message 105 to peer 0x7fd7d581c800 (17 bytes)
1499263827.789456 sending message 105 to peer 0x7fd7d581c800 (15 bytes)
1499263827.789460 sending message 106 to peer 0x7fd7d581c800 (0 bytes)
1499263827.789470 sending message 200 to peer 0x7fd7d581c800 (4 bytes)
1499263827.789478 client loop enter
1499263827.793024 peer 0x7fd7d581c800 message 207
1499263827.793043 sending message 208 to peer 0x7fd7d581c800 (0 bytes)
1499263909.619913 peer 0x7fd7d581c800 message 203
1499263909.620215 sending message 205 to peer 0x7fd7d581c800 (0 bytes)
1499263909.620723 peer 0x7fd7d581c800 message 204
1499263909.620735 client loop exit
